<?xml version="1.0" encoding="UTF-8"?>
<!-- Generated by org.testng.reporters.JUnitReportReporter -->
<testsuite skipped="0" hostname="ip-172-31-86-137" name="test.SignUpPageTest" tests="1" failures="0" timestamp="14 Dec 2021 03:42:17 GMT" time="1.922" errors="0">
  <testcase name="signupTest" time="1.922" classname="test.SignUpPageTest"/>
</testsuite> <!-- test.SignUpPageTest -->
